<?xml version="1.0" encoding="UTF-8"?>
<!-- Generated by org.testng.reporters.JUnitXMLReporter -->
<testsuite ignored="0" hostname="DESKTOP-EL3JJH9" failures="0" tests="3" name="Default test" time="0.364" errors="0" timestamp="2024-01-20T18:57:24 IST">
  <testcase classname="Examples.FirstTest" name="start" time="0.073"/>
  <testcase classname="Examples.FirstTest" name="login" time="0.007"/>
  <testcase classname="Examples.FirstTest" name="tearDown" time="0.006"/>
</testsuite> <!-- Default test -->
