<?xml version="1.0" encoding="UTF-8"?>
<testng-results ignored="0" total="3" passed="3" failed="0" skipped="0">
  <reporter-output>
  </reporter-output>
  <suite started-at="2024-01-20T19:07:55 IST" name="Suite" finished-at="2024-01-20T19:07:55 IST" duration-ms="234">
    <groups>
    </groups>
    <test started-at="2024-01-20T19:07:55 IST" name="Test" finished-at="2024-01-20T19:07:55 IST" duration-ms="234">
      <class name="Examples.FirstTest">
        <test-method signature="start()[pri:1, instance:Examples.FirstTest@3c77d488]" started-at="2024-01-20T19:07:55 IST" name="start" finished-at="2024-01-20T19:07:55 IST" duration-ms="25" status="PASS">
          <reporter-output>
          </reporter-output>
        </test-method> <!-- start -->
        <test-method signature="login()[pri:2, instance:Examples.FirstTest@3c77d488]" started-at="2024-01-20T19:07:55 IST" name="login" finished-at="2024-01-20T19:07:55 IST" duration-ms="7" status="PASS">
          <reporter-output>
          </reporter-output>
        </test-method> <!-- login -->
        <test-method signature="tearDown()[pri:3, instance:Examples.FirstTest@3c77d488]" started-at="2024-01-20T19:07:55 IST" name="tearDown" finished-at="2024-01-20T19:07:55 IST" duration-ms="9" status="PASS">
          <reporter-output>
          </reporter-output>
        </test-method> <!-- tearDown -->
      </class> <!-- Examples.FirstTest -->
    </test> <!-- Test -->
  </suite> <!-- Suite -->
</testng-results>
