<?xml version="1.0" encoding="UTF-8"?>
<!-- Generated by org.testng.reporters.JUnitXMLReporter -->
<testsuite ignored="0" hostname="DESKTOP-EL3JJH9" failures="0" tests="3" name="Default test" time="0.264" errors="0" timestamp="2024-01-29T19:42:18 IST">
  <testcase classname="myfirstprogram.FirstTest" name="start" time="0.015"/>
  <testcase classname="myfirstprogram.FirstTest" name="login" time="0.015"/>
  <testcase classname="myfirstprogram.FirstTest" name="tearDown" time="0.0"/>
</testsuite> <!-- Default test -->
