<?xml version="1.0" encoding="UTF-8"?>
<!-- Generated by org.testng.reporters.JUnitXMLReporter -->
<testsuite ignored="0" hostname="DESKTOP-EL3JJH9" failures="0" tests="3" name="Surefire test" time="0.221" errors="0" timestamp="2024-01-24T17:17:04 IST">
  <testcase classname="myfirstprogram.FirstTest" name="start" time="0.018"/>
  <testcase classname="myfirstprogram.FirstTest" name="login" time="0.002"/>
  <testcase classname="myfirstprogram.FirstTest" name="tearDown" time="0.001"/>
</testsuite> <!-- Surefire test -->
