<?xml version="1.0" encoding="UTF-8"?>
<testng-results ignored="0" total="6" passed="6" failed="0" skipped="0">
  <reporter-output>
  </reporter-output>
  <suite started-at="2024-01-29T19:47:35 IST" name="Suite" finished-at="2024-01-29T19:48:13 IST" duration-ms="38933">
    <groups>
    </groups>
    <test started-at="2024-01-29T19:47:35 IST" name="Test" finished-at="2024-01-29T19:48:13 IST" duration-ms="38933">
      <class name="myfirstprogram.FirstTest">
        <test-method signature="start()[pri:1, instance:myfirstprogram.FirstTest@53fe15ff]" started-at="2024-01-29T19:47:35 IST" name="start" finished-at="2024-01-29T19:47:35 IST" duration-ms="46" status="PASS">
          <reporter-output>
          </reporter-output>
        </test-method> <!-- start -->
        <test-method signature="login()[pri:2, instance:myfirstprogram.FirstTest@53fe15ff]" started-at="2024-01-29T19:47:35 IST" name="login" finished-at="2024-01-29T19:47:35 IST" duration-ms="0" status="PASS">
          <reporter-output>
          </reporter-output>
        </test-method> <!-- login -->
        <test-method signature="tearDown()[pri:3, instance:myfirstprogram.FirstTest@53fe15ff]" started-at="2024-01-29T19:47:35 IST" name="tearDown" finished-at="2024-01-29T19:47:35 IST" duration-ms="16" status="PASS">
          <reporter-output>
          </reporter-output>
        </test-method> <!-- tearDown -->
      </class> <!-- myfirstprogram.FirstTest -->
      <class name="myfirstprogram.FbLogin">
        <test-method signature="openBrowser()[pri:1, instance:myfirstprogram.FbLogin@248e319b]" started-at="2024-01-29T19:47:35 IST" name="openBrowser" finished-at="2024-01-29T19:47:50 IST" duration-ms="15386" status="PASS">
          <reporter-output>
          </reporter-output>
        </test-method> <!-- openBrowser -->
        <test-method signature="login()[pri:2, instance:myfirstprogram.FbLogin@248e319b]" started-at="2024-01-29T19:47:50 IST" name="login" finished-at="2024-01-29T19:48:12 IST" duration-ms="22189" status="PASS">
          <reporter-output>
          </reporter-output>
        </test-method> <!-- login -->
        <test-method signature="closeBrowser()[pri:3, instance:myfirstprogram.FbLogin@248e319b]" started-at="2024-01-29T19:48:12 IST" name="closeBrowser" finished-at="2024-01-29T19:48:13 IST" duration-ms="1033" status="PASS">
          <reporter-output>
          </reporter-output>
        </test-method> <!-- closeBrowser -->
      </class> <!-- myfirstprogram.FbLogin -->
    </test> <!-- Test -->
  </suite> <!-- Suite -->
</testng-results>
