<?xml version="1.0" encoding="UTF-8"?>
<testng-results ignored="0" total="6" passed="6" failed="0" skipped="0">
  <reporter-output>
  </reporter-output>
  <suite started-at="2024-01-29T19:43:48 IST" name="Suite" finished-at="2024-01-29T19:44:59 IST" duration-ms="71511">
    <groups>
    </groups>
    <test started-at="2024-01-29T19:43:48 IST" name="Test" finished-at="2024-01-29T19:44:59 IST" duration-ms="71511">
      <class name="myfirstprogram.FirstTest">
        <test-method signature="start()[pri:1, instance:myfirstprogram.FirstTest@4659191b]" started-at="2024-01-29T19:43:48 IST" name="start" finished-at="2024-01-29T19:43:48 IST" duration-ms="16" status="PASS">
          <reporter-output>
          </reporter-output>
        </test-method> <!-- start -->
        <test-method signature="login()[pri:2, instance:myfirstprogram.FirstTest@4659191b]" started-at="2024-01-29T19:43:48 IST" name="login" finished-at="2024-01-29T19:43:48 IST" duration-ms="0" status="PASS">
          <reporter-output>
          </reporter-output>
        </test-method> <!-- login -->
        <test-method signature="tearDown()[pri:3, instance:myfirstprogram.FirstTest@4659191b]" started-at="2024-01-29T19:43:48 IST" name="tearDown" finished-at="2024-01-29T19:43:48 IST" duration-ms="0" status="PASS">
          <reporter-output>
          </reporter-output>
        </test-method> <!-- tearDown -->
      </class> <!-- myfirstprogram.FirstTest -->
      <class name="myfirstprogram.FbLogin">
        <test-method signature="openBrowser()[pri:1, instance:myfirstprogram.FbLogin@273e7444]" started-at="2024-01-29T19:43:48 IST" name="openBrowser" finished-at="2024-01-29T19:44:33 IST" duration-ms="44711" status="PASS">
          <reporter-output>
          </reporter-output>
        </test-method> <!-- openBrowser -->
        <test-method signature="login()[pri:2, instance:myfirstprogram.FbLogin@273e7444]" started-at="2024-01-29T19:44:33 IST" name="login" finished-at="2024-01-29T19:44:58 IST" duration-ms="25431" status="PASS">
          <reporter-output>
          </reporter-output>
        </test-method> <!-- login -->
        <test-method signature="closeBrowser()[pri:3, instance:myfirstprogram.FbLogin@273e7444]" started-at="2024-01-29T19:44:58 IST" name="closeBrowser" finished-at="2024-01-29T19:44:59 IST" duration-ms="1093" status="PASS">
          <reporter-output>
          </reporter-output>
        </test-method> <!-- closeBrowser -->
      </class> <!-- myfirstprogram.FbLogin -->
    </test> <!-- Test -->
  </suite> <!-- Suite -->
</testng-results>
