<?xml version="1.0" encoding="UTF-8"?>
<!-- Generated by org.testng.reporters.JUnitXMLReporter -->
<testsuite ignored="0" hostname="DESKTOP-EL3JJH9" failures="0" tests="6" name="Test" time="38.933" errors="0" timestamp="2024-01-29T19:48:14 IST">
  <testcase classname="myfirstprogram.FirstTest" name="start" time="0.046"/>
  <testcase classname="myfirstprogram.FirstTest" name="login" time="0.0"/>
  <testcase classname="myfirstprogram.FirstTest" name="tearDown" time="0.016"/>
  <testcase classname="myfirstprogram.FbLogin" name="openBrowser" time="15.386"/>
  <testcase classname="myfirstprogram.FbLogin" name="login" time="22.189"/>
  <testcase classname="myfirstprogram.FbLogin" name="closeBrowser" time="1.033"/>
</testsuite> <!-- Test -->
